c:\myprograms\github\evolutionbot\evolutionbot\x64\debug\vc142.pdb
c:\myprograms\github\evolutionbot\evolutionbot\x64\debug\vc142.idb
c:\myprograms\github\evolutionbot\evolutionbot\x64\debug\glui_list.obj
c:\myprograms\github\evolutionbot\evolutionbot\x64\debug\glui_filebrowser.obj
c:\myprograms\github\evolutionbot\evolutionbot\x64\debug\glui_edittext.obj
c:\myprograms\github\evolutionbot\evolutionbot\x64\debug\glui_control.obj
c:\myprograms\github\evolutionbot\evolutionbot\x64\debug\glui_commandline.obj
c:\myprograms\github\evolutionbot\evolutionbot\x64\debug\glui_column.obj
c:\myprograms\github\evolutionbot\evolutionbot\x64\debug\glui_checkbox.obj
c:\myprograms\github\evolutionbot\evolutionbot\x64\debug\glui_button.obj
c:\myprograms\github\evolutionbot\evolutionbot\x64\debug\glui_bitmap_img_data.obj
c:\myprograms\github\evolutionbot\evolutionbot\x64\debug\glui_bitmaps.obj
c:\myprograms\github\evolutionbot\evolutionbot\x64\debug\glui_add_controls.obj
c:\myprograms\github\evolutionbot\evolutionbot\x64\debug\glui.obj
c:\myprograms\github\evolutionbot\evolutionbot\x64\debug\arcball.obj
c:\myprograms\github\evolutionbot\evolutionbot\x64\debug\algebra3.obj
c:\myprograms\github\evolutionbot\evolutionbot\x64\debug\mlpbrain2.obj
c:\myprograms\github\evolutionbot\evolutionbot\x64\debug\mlpbrain.obj
c:\myprograms\github\evolutionbot\evolutionbot\x64\debug\dwraonbrain.obj
c:\myprograms\github\evolutionbot\evolutionbot\x64\debug\assemblybrain.obj
c:\myprograms\github\evolutionbot\evolutionbot\x64\debug\agent2.obj
c:\myprograms\github\evolutionbot\evolutionbot\x64\debug\agent.obj
c:\myprograms\github\evolutionbot\evolutionbot\x64\debug\cli.obj
c:\myprograms\github\evolutionbot\evolutionbot\x64\debug\viewmodel.obj
c:\myprograms\github\evolutionbot\evolutionbot\x64\debug\quaternion.obj
c:\myprograms\github\evolutionbot\evolutionbot\x64\debug\glui_window.obj
c:\myprograms\github\evolutionbot\evolutionbot\x64\debug\glui_treepanel.obj
c:\myprograms\github\evolutionbot\evolutionbot\x64\debug\glui_tree.obj
c:\myprograms\github\evolutionbot\evolutionbot\x64\debug\glui_translation.obj
c:\myprograms\github\evolutionbot\evolutionbot\x64\debug\glui_textbox.obj
c:\myprograms\github\evolutionbot\evolutionbot\x64\debug\glui_string.obj
c:\myprograms\github\evolutionbot\evolutionbot\x64\debug\glui_statictext.obj
c:\myprograms\github\evolutionbot\evolutionbot\x64\debug\glui_spinner.obj
c:\myprograms\github\evolutionbot\evolutionbot\x64\debug\glui_separator.obj
c:\myprograms\github\evolutionbot\evolutionbot\x64\debug\glui_scrollbar.obj
c:\myprograms\github\evolutionbot\evolutionbot\x64\debug\glui_rotation.obj
c:\myprograms\github\evolutionbot\evolutionbot\x64\debug\glui_rollout.obj
c:\myprograms\github\evolutionbot\evolutionbot\x64\debug\glui_radio.obj
c:\myprograms\github\evolutionbot\evolutionbot\x64\debug\glui_panel.obj
c:\myprograms\github\evolutionbot\evolutionbot\x64\debug\glui_node.obj
c:\myprograms\github\evolutionbot\evolutionbot\x64\debug\glui_mouse_iaction.obj
c:\myprograms\github\evolutionbot\evolutionbot\x64\debug\glui_listbox.obj
c:\myprograms\github\evolutionbot\evolutionbot\x64\debug\world2.obj
c:\myprograms\github\evolutionbot\evolutionbot\x64\debug\world.obj
c:\myprograms\github\evolutionbot\evolutionbot\x64\debug\view.obj
c:\myprograms\github\evolutionbot\evolutionbot\x64\debug\readwrite.obj
c:\myprograms\github\evolutionbot\evolutionbot\x64\debug\main.obj
c:\myprograms\github\evolutionbot\evolutionbot\x64\debug\glview.obj
c:\myprograms\github\evolutionbot\evolutionbot\x64\debug\vmath.obj
c:\myprograms\github\evolutionbot\evolutionbot\x64\debug\vectormlpbox.obj
c:\myprograms\github\evolutionbot\evolutionbot\x64\debug\seed.obj
c:\myprograms\github\evolutionbot\evolutionbot\x64\debug\myvectors2.obj
c:\myprograms\github\evolutionbot\evolutionbot\x64\debug\myvectors.obj
c:\myprograms\github\evolutionbot\evolutionbot\x64\debug\glui_img_spinup_dis.obj
c:\myprograms\github\evolutionbot\evolutionbot\x64\debug\glui_img_spinup_1.obj
c:\myprograms\github\evolutionbot\evolutionbot\x64\debug\glui_img_spinup_0.obj
c:\myprograms\github\evolutionbot\evolutionbot\x64\debug\glui_img_spindown_dis.obj
c:\myprograms\github\evolutionbot\evolutionbot\x64\debug\glui_img_spindown_1.obj
c:\myprograms\github\evolutionbot\evolutionbot\x64\debug\glui_img_spindown_0.obj
c:\myprograms\github\evolutionbot\evolutionbot\x64\debug\glui_img_rightarrow.obj
c:\myprograms\github\evolutionbot\evolutionbot\x64\debug\glui_img_radiobutton_1_dis.obj
c:\myprograms\github\evolutionbot\evolutionbot\x64\debug\glui_img_radiobutton_1.obj
c:\myprograms\github\evolutionbot\evolutionbot\x64\debug\glui_img_radiobutton_0_dis.obj
c:\myprograms\github\evolutionbot\evolutionbot\x64\debug\glui_img_radiobutton_0.obj
c:\myprograms\github\evolutionbot\evolutionbot\x64\debug\glui_img_listbox_up_dis.obj
c:\myprograms\github\evolutionbot\evolutionbot\x64\debug\glui_img_listbox_up.obj
c:\myprograms\github\evolutionbot\evolutionbot\x64\debug\glui_img_listbox_down.obj
c:\myprograms\github\evolutionbot\evolutionbot\x64\debug\glui_img_leftarrow.obj
c:\myprograms\github\evolutionbot\evolutionbot\x64\debug\glui_img_downarrow.obj
c:\myprograms\github\evolutionbot\evolutionbot\x64\debug\glui_img_checkbox_1_dis.obj
c:\myprograms\github\evolutionbot\evolutionbot\x64\debug\glui_img_checkbox_1.obj
c:\myprograms\github\evolutionbot\evolutionbot\x64\debug\glui_img_checkbox_0_dis.obj
c:\myprograms\github\evolutionbot\evolutionbot\x64\debug\glui_img_checkbox_0.obj
c:\myprograms\github\evolutionbot\evolutionbot\x64\debug\fg_stroke_mono_roman.obj
c:\myprograms\github\evolutionbot\evolutionbot\x64\debug\fg_state.obj
c:\myprograms\github\evolutionbot\evolutionbot\x64\debug\fg_spaceball.obj
c:\myprograms\github\evolutionbot\evolutionbot\x64\debug\fg_overlay.obj
c:\myprograms\github\evolutionbot\evolutionbot\x64\debug\fg_misc.obj
c:\myprograms\github\evolutionbot\evolutionbot\x64\debug\fg_menu.obj
c:\myprograms\github\evolutionbot\evolutionbot\x64\debug\fg_main.obj
c:\myprograms\github\evolutionbot\evolutionbot\x64\debug\fg_joystick.obj
c:\myprograms\github\evolutionbot\evolutionbot\x64\debug\fg_input_devices.obj
c:\myprograms\github\evolutionbot\evolutionbot\x64\debug\fg_init.obj
c:\myprograms\github\evolutionbot\evolutionbot\x64\debug\fg_gl2.obj
c:\myprograms\github\evolutionbot\evolutionbot\x64\debug\fg_geometry.obj
c:\myprograms\github\evolutionbot\evolutionbot\x64\debug\fg_gamemode.obj
c:\myprograms\github\evolutionbot\evolutionbot\x64\debug\fg_font_data.obj
c:\myprograms\github\evolutionbot\evolutionbot\x64\debug\fg_font.obj
c:\myprograms\github\evolutionbot\evolutionbot\x64\debug\fg_ext.obj
c:\myprograms\github\evolutionbot\evolutionbot\x64\debug\fg_display.obj
c:\myprograms\github\evolutionbot\evolutionbot\x64\debug\fg_cursor.obj
c:\myprograms\github\evolutionbot\evolutionbot\x64\debug\fg_callbacks.obj
c:\myprograms\github\evolutionbot\evolutionbot\x64\debug\glui_img_uparrow.obj
c:\myprograms\github\evolutionbot\evolutionbot\x64\debug\xparsegeometry_repl.obj
c:\myprograms\github\evolutionbot\evolutionbot\x64\debug\fg_window_mswin.obj
c:\myprograms\github\evolutionbot\evolutionbot\x64\debug\fg_structure_mswin.obj
c:\myprograms\github\evolutionbot\evolutionbot\x64\debug\fg_state_mswin.obj
c:\myprograms\github\evolutionbot\evolutionbot\x64\debug\fg_spaceball_mswin.obj
c:\myprograms\github\evolutionbot\evolutionbot\x64\debug\fg_menu_mswin.obj
c:\myprograms\github\evolutionbot\evolutionbot\x64\debug\fg_main_mswin.obj
c:\myprograms\github\evolutionbot\evolutionbot\x64\debug\fg_joystick_mswin.obj
c:\myprograms\github\evolutionbot\evolutionbot\x64\debug\fg_input_devices_mswin.obj
c:\myprograms\github\evolutionbot\evolutionbot\x64\debug\fg_init_mswin.obj
c:\myprograms\github\evolutionbot\evolutionbot\x64\debug\fg_gamemode_mswin.obj
c:\myprograms\github\evolutionbot\evolutionbot\x64\debug\fg_ext_mswin.obj
c:\myprograms\github\evolutionbot\evolutionbot\x64\debug\fg_display_mswin.obj
c:\myprograms\github\evolutionbot\evolutionbot\x64\debug\fg_cursor_mswin.obj
c:\myprograms\github\evolutionbot\evolutionbot\x64\debug\gles_stubs.obj
c:\myprograms\github\evolutionbot\evolutionbot\x64\debug\fg_window.obj
c:\myprograms\github\evolutionbot\evolutionbot\x64\debug\fg_videoresize.obj
c:\myprograms\github\evolutionbot\evolutionbot\x64\debug\fg_teapot.obj
c:\myprograms\github\evolutionbot\evolutionbot\x64\debug\fg_structure.obj
c:\myprograms\github\evolutionbot\evolutionbot\x64\debug\fg_stroke_roman.obj
c:\myprograms\github\evolutionbot\x64\debug\evolutionbot.lib
c:\myprograms\github\evolutionbot\x64\debug\evolutionbot.exp
c:\myprograms\github\evolutionbot\x64\debug\evolutionbot.pdb
c:\myprograms\github\evolutionbot\evolutionbot\x64\debug\evolutionbot.tlog\cl.command.1.tlog
c:\myprograms\github\evolutionbot\evolutionbot\x64\debug\evolutionbot.tlog\cl.read.1.tlog
c:\myprograms\github\evolutionbot\evolutionbot\x64\debug\evolutionbot.tlog\cl.write.1.tlog
c:\myprograms\github\evolutionbot\evolutionbot\x64\debug\evolutionbot.tlog\evolutionbot.write.1u.tlog
c:\myprograms\github\evolutionbot\evolutionbot\x64\debug\evolutionbot.tlog\link-cvtres.read.1.tlog
c:\myprograms\github\evolutionbot\evolutionbot\x64\debug\evolutionbot.tlog\link-cvtres.write.1.tlog
c:\myprograms\github\evolutionbot\evolutionbot\x64\debug\evolutionbot.tlog\link-rc.read.1.tlog
c:\myprograms\github\evolutionbot\evolutionbot\x64\debug\evolutionbot.tlog\link-rc.write.1.tlog
c:\myprograms\github\evolutionbot\evolutionbot\x64\debug\evolutionbot.tlog\link.11052-cvtres.read.1.tlog
c:\myprograms\github\evolutionbot\evolutionbot\x64\debug\evolutionbot.tlog\link.11052-cvtres.write.1.tlog
c:\myprograms\github\evolutionbot\evolutionbot\x64\debug\evolutionbot.tlog\link.11052-rc.read.1.tlog
c:\myprograms\github\evolutionbot\evolutionbot\x64\debug\evolutionbot.tlog\link.11052-rc.write.1.tlog
c:\myprograms\github\evolutionbot\evolutionbot\x64\debug\evolutionbot.tlog\link.11052.read.1.tlog
c:\myprograms\github\evolutionbot\evolutionbot\x64\debug\evolutionbot.tlog\link.11052.write.1.tlog
c:\myprograms\github\evolutionbot\evolutionbot\x64\debug\evolutionbot.tlog\link.command.1.tlog
c:\myprograms\github\evolutionbot\evolutionbot\x64\debug\evolutionbot.tlog\link.read.1.tlog
c:\myprograms\github\evolutionbot\evolutionbot\x64\debug\evolutionbot.tlog\link.write.1.tlog
