  GLView.cpp
C:\MyPrograms\github\EvolutionBot\EvolutionBot\world\settings.h(25,28): warning C4305: 'initializing': truncation from 'double' to 'float'
C:\MyPrograms\github\EvolutionBot\EvolutionBot\world\settings.h(27,30): warning C4305: 'initializing': truncation from 'double' to 'float'
C:\MyPrograms\github\EvolutionBot\EvolutionBot\world\settings.h(28,32): warning C4305: 'initializing': truncation from 'double' to 'float'
C:\MyPrograms\github\EvolutionBot\EvolutionBot\world\settings.h(40,31): warning C4305: 'initializing': truncation from 'double' to 'float'
C:\MyPrograms\github\EvolutionBot\EvolutionBot\world\settings.h(44,27): warning C4305: 'initializing': truncation from 'double' to 'float'
C:\MyPrograms\github\EvolutionBot\EvolutionBot\world\settings.h(47,29): warning C4305: 'initializing': truncation from 'double' to 'float'
C:\MyPrograms\github\EvolutionBot\EvolutionBot\world\settings.h(50,31): warning C4305: 'initializing': truncation from 'double' to 'float'
C:\MyPrograms\github\EvolutionBot\EvolutionBot\world\settings.h(52,31): warning C4305: 'initializing': truncation from 'double' to 'float'
C:\MyPrograms\github\EvolutionBot\EvolutionBot\world\settings.h(59,33): warning C4305: 'initializing': truncation from 'double' to 'float'
C:\MyPrograms\github\EvolutionBot\EvolutionBot\world\settings.h(60,33): warning C4305: 'initializing': truncation from 'double' to 'float'
C:\MyPrograms\github\EvolutionBot\EvolutionBot\world\settings.h(61,29): warning C4305: 'initializing': truncation from 'double' to 'float'
C:\MyPrograms\github\EvolutionBot\EvolutionBot\world\settings.h(62,32): warning C4305: 'initializing': truncation from 'double' to 'float'
C:\MyPrograms\github\EvolutionBot\EvolutionBot\world\settings.h(66,38): warning C4305: 'initializing': truncation from 'double' to 'float'
C:\MyPrograms\github\EvolutionBot\EvolutionBot\world\settings.h(67,44): warning C4305: 'initializing': truncation from 'double' to 'float'
C:\MyPrograms\github\EvolutionBot\EvolutionBot\world\settings.h(68,39): warning C4305: 'initializing': truncation from 'double' to 'float'
C:\MyPrograms\github\EvolutionBot\EvolutionBot\world\settings.h(69,41): warning C4305: 'initializing': truncation from 'double' to 'float'
C:\MyPrograms\github\EvolutionBot\EvolutionBot\world\settings.h(70,35): warning C4305: 'initializing': truncation from 'double' to 'float'
C:\MyPrograms\github\EvolutionBot\EvolutionBot\world\settings.h(72,37): warning C4305: 'initializing': truncation from 'double' to 'float'
C:\MyPrograms\github\EvolutionBot\EvolutionBot\world\settings.h(75,31): warning C4305: 'initializing': truncation from 'double' to 'float'
C:\MyPrograms\github\EvolutionBot\EvolutionBot\world\settings.h(76,35): warning C4305: 'initializing': truncation from 'double' to 'float'
C:\MyPrograms\github\EvolutionBot\EvolutionBot\world\settings.h(77,31): warning C4305: 'initializing': truncation from 'double' to 'float'
C:\MyPrograms\github\EvolutionBot\EvolutionBot\world\settings.h(80,33): warning C4305: 'initializing': truncation from 'double' to 'float'
C:\MyPrograms\github\EvolutionBot\EvolutionBot\world\settings.h(88,33): warning C4305: 'initializing': truncation from 'double' to 'float'
C:\MyPrograms\github\EvolutionBot\EvolutionBot\world\settings.h(89,33): warning C4305: 'initializing': truncation from 'double' to 'float'
C:\MyPrograms\github\EvolutionBot\EvolutionBot\world\settings.h(90,34): warning C4305: 'initializing': truncation from 'double' to 'float'
C:\MyPrograms\github\EvolutionBot\EvolutionBot\world\settings.h(100,30): warning C4305: 'initializing': truncation from 'double' to 'float'
C:\MyPrograms\github\EvolutionBot\EvolutionBot\world\settings.h(101,33): warning C4305: 'initializing': truncation from 'double' to 'float'
C:\MyPrograms\github\EvolutionBot\EvolutionBot\world\settings.h(102,31): warning C4305: 'initializing': truncation from 'double' to 'float'
C:\MyPrograms\github\EvolutionBot\EvolutionBot\world\settings.h(112,35): warning C4305: 'initializing': truncation from 'double' to 'float'
C:\MyPrograms\github\EvolutionBot\EvolutionBot\world\settings.h(113,34): warning C4305: 'initializing': truncation from 'double' to 'float'
C:\MyPrograms\github\EvolutionBot\EvolutionBot\world\settings.h(114,33): warning C4305: 'initializing': truncation from 'double' to 'float'
C:\MyPrograms\github\EvolutionBot\EvolutionBot\misc\helpers.h(28,21): warning C4244: '=': conversion from 'double' to 'float', possible loss of data
C:\MyPrograms\github\EvolutionBot\EvolutionBot\glui\GL\glui.h(868,47): warning C4244: 'argument': conversion from 'double' to 'GLfloat', possible loss of data
C:\MyPrograms\github\EvolutionBot\EvolutionBot\glui\GL\glui.h(868,31): warning C4244: 'argument': conversion from 'double' to 'GLfloat', possible loss of data
C:\MyPrograms\github\EvolutionBot\EvolutionBot\glui\GL\glui.h(932,24): warning C4834: discarding return value of function with 'nodiscard' attribute
C:\MyPrograms\github\EvolutionBot\EvolutionBot\world\GLView.cpp(66,8): warning C4244: '=': conversion from 'double' to 'float', possible loss of data
C:\MyPrograms\github\EvolutionBot\EvolutionBot\world\GLView.cpp(86,16): warning C4305: '=': truncation from 'double' to 'float'
C:\MyPrograms\github\EvolutionBot\EvolutionBot\world\GLView.cpp(105,32): warning C4305: 'argument': truncation from 'double' to 'GLfloat'
C:\MyPrograms\github\EvolutionBot\EvolutionBot\world\GLView.cpp(108,32): warning C4305: 'argument': truncation from 'double' to 'GLfloat'
C:\MyPrograms\github\EvolutionBot\EvolutionBot\world\GLView.cpp(111,42): warning C4244: 'argument': conversion from 'double' to 'GLfloat', possible loss of data
C:\MyPrograms\github\EvolutionBot\EvolutionBot\world\GLView.cpp(114,37): warning C4305: 'argument': truncation from 'double' to 'GLfloat'
C:\MyPrograms\github\EvolutionBot\EvolutionBot\world\GLView.cpp(117,46): warning C4305: 'argument': truncation from 'double' to 'GLfloat'
C:\MyPrograms\github\EvolutionBot\EvolutionBot\world\GLView.cpp(118,51): warning C4305: 'argument': truncation from 'double' to 'GLfloat'
C:\MyPrograms\github\EvolutionBot\EvolutionBot\world\GLView.cpp(124,27): warning C4244: 'argument': conversion from 'int' to 'GLfloat', possible loss of data
C:\MyPrograms\github\EvolutionBot\EvolutionBot\world\GLView.cpp(124,15): warning C4244: 'argument': conversion from 'int' to 'GLfloat', possible loss of data
C:\MyPrograms\github\EvolutionBot\EvolutionBot\world\GLView.cpp(125,38): warning C4244: 'argument': conversion from 'int' to 'GLfloat', possible loss of data
C:\MyPrograms\github\EvolutionBot\EvolutionBot\world\GLView.cpp(125,25): warning C4244: 'argument': conversion from 'int' to 'GLfloat', possible loss of data
C:\MyPrograms\github\EvolutionBot\EvolutionBot\world\GLView.cpp(126,48): warning C4244: 'argument': conversion from 'int' to 'GLfloat', possible loss of data
C:\MyPrograms\github\EvolutionBot\EvolutionBot\world\GLView.cpp(126,25): warning C4244: 'argument': conversion from 'int' to 'GLfloat', possible loss of data
C:\MyPrograms\github\EvolutionBot\EvolutionBot\world\GLView.cpp(127,37): warning C4244: 'argument': conversion from 'int' to 'GLfloat', possible loss of data
C:\MyPrograms\github\EvolutionBot\EvolutionBot\world\GLView.cpp(127,15): warning C4244: 'argument': conversion from 'int' to 'GLfloat', possible loss of data
C:\MyPrograms\github\EvolutionBot\EvolutionBot\world\GLView.cpp(135,11): warning C4244: 'initializing': conversion from 'double' to 'float', possible loss of data
C:\MyPrograms\github\EvolutionBot\EvolutionBot\world\GLView.cpp(210,10): warning C4244: '=': conversion from 'double' to 'float', possible loss of data
C:\MyPrograms\github\EvolutionBot\EvolutionBot\world\GLView.cpp(212,16): warning C4244: '=': conversion from 'double' to 'float', possible loss of data
C:\MyPrograms\github\EvolutionBot\EvolutionBot\world\GLView.cpp(244,25): warning C4305: 'argument': truncation from 'double' to 'GLfloat'
C:\MyPrograms\github\EvolutionBot\EvolutionBot\world\GLView.cpp(277,41): warning C4305: 'argument': truncation from 'double' to 'GLfloat'
C:\MyPrograms\github\EvolutionBot\EvolutionBot\world\GLView.cpp(290,9): warning C4244: '=': conversion from 'double' to 'float', possible loss of data
C:\MyPrograms\github\EvolutionBot\EvolutionBot\world\GLView.cpp(292,15): warning C4244: '=': conversion from 'double' to 'float', possible loss of data
C:\MyPrograms\github\EvolutionBot\EvolutionBot\world\GLView.cpp(332,23): warning C4305: 'argument': truncation from 'double' to 'GLfloat'
C:\MyPrograms\github\EvolutionBot\EvolutionBot\world\GLView.cpp(341,24): warning C4305: 'argument': truncation from 'double' to 'GLfloat'
C:\MyPrograms\github\EvolutionBot\EvolutionBot\world\GLView.cpp(363,64): warning C4244: 'argument': conversion from 'double' to 'GLfloat', possible loss of data
C:\MyPrograms\github\EvolutionBot\EvolutionBot\world\GLView.cpp(363,35): warning C4244: 'argument': conversion from 'double' to 'GLfloat', possible loss of data
C:\MyPrograms\github\EvolutionBot\EvolutionBot\world\GLView.cpp(363,69): warning C4305: 'argument': truncation from 'double' to 'GLfloat'
C:\MyPrograms\github\EvolutionBot\EvolutionBot\world\GLView.cpp(377,17): warning C4244: 'argument': conversion from 'double' to 'float', possible loss of data
C:\MyPrograms\github\EvolutionBot\EvolutionBot\world\GLView.cpp(376,29): warning C4244: 'argument': conversion from 'double' to 'float', possible loss of data
C:\MyPrograms\github\EvolutionBot\EvolutionBot\world\GLView.cpp(387,30): warning C4244: 'argument': conversion from 'double' to 'float', possible loss of data
C:\MyPrograms\github\EvolutionBot\EvolutionBot\world\GLView.cpp(387,21): warning C4244: 'argument': conversion from 'double' to 'float', possible loss of data
C:\MyPrograms\github\EvolutionBot\EvolutionBot\world\GLView.cpp(385,36): warning C4244: 'argument': conversion from 'double' to 'float', possible loss of data
C:\MyPrograms\github\EvolutionBot\EvolutionBot\world\GLView.cpp(384,29): warning C4244: 'argument': conversion from 'double' to 'float', possible loss of data
C:\MyPrograms\github\EvolutionBot\EvolutionBot\world\GLView.cpp(392,36): warning C4244: 'argument': conversion from 'double' to 'float', possible loss of data
C:\MyPrograms\github\EvolutionBot\EvolutionBot\world\GLView.cpp(391,29): warning C4244: 'argument': conversion from 'double' to 'float', possible loss of data
C:\MyPrograms\github\EvolutionBot\EvolutionBot\world\GLView.cpp(402,54): warning C4244: 'argument': conversion from 'double' to 'float', possible loss of data
C:\MyPrograms\github\EvolutionBot\EvolutionBot\world\GLView.cpp(402,32): warning C4244: 'argument': conversion from 'double' to 'float', possible loss of data
C:\MyPrograms\github\EvolutionBot\EvolutionBot\world\GLView.cpp(402,18): warning C4244: 'argument': conversion from 'double' to 'float', possible loss of data
C:\MyPrograms\github\EvolutionBot\EvolutionBot\world\GLView.cpp(400,36): warning C4244: 'argument': conversion from 'double' to 'float', possible loss of data
C:\MyPrograms\github\EvolutionBot\EvolutionBot\world\GLView.cpp(399,29): warning C4244: 'argument': conversion from 'double' to 'float', possible loss of data
C:\MyPrograms\github\EvolutionBot\EvolutionBot\world\GLView.cpp(419,21): warning C4305: 'argument': truncation from 'double' to 'GLfloat'
C:\MyPrograms\github\EvolutionBot\EvolutionBot\world\GLView.cpp(423,20): warning C4244: 'argument': conversion from 'int' to 'GLfloat', possible loss of data
C:\MyPrograms\github\EvolutionBot\EvolutionBot\world\GLView.cpp(424,20): warning C4244: 'argument': conversion from 'int' to 'GLfloat', possible loss of data
C:\MyPrograms\github\EvolutionBot\EvolutionBot\world\GLView.cpp(430,20): warning C4244: 'argument': conversion from 'int' to 'GLfloat', possible loss of data
C:\MyPrograms\github\EvolutionBot\EvolutionBot\world\GLView.cpp(431,20): warning C4244: 'argument': conversion from 'int' to 'GLfloat', possible loss of data
C:\MyPrograms\github\EvolutionBot\EvolutionBot\world\GLView.cpp(437,20): warning C4244: 'argument': conversion from 'int' to 'GLfloat', possible loss of data
C:\MyPrograms\github\EvolutionBot\EvolutionBot\world\GLView.cpp(438,20): warning C4244: 'argument': conversion from 'int' to 'GLfloat', possible loss of data
C:\MyPrograms\github\EvolutionBot\EvolutionBot\world\GLView.cpp(440,23): warning C4305: 'argument': truncation from 'double' to 'GLfloat'
C:\MyPrograms\github\EvolutionBot\EvolutionBot\world\GLView.cpp(444,20): warning C4244: 'argument': conversion from 'int' to 'GLfloat', possible loss of data
C:\MyPrograms\github\EvolutionBot\EvolutionBot\world\GLView.cpp(445,20): warning C4244: 'argument': conversion from 'int' to 'GLfloat', possible loss of data
C:\MyPrograms\github\EvolutionBot\EvolutionBot\world\GLView.cpp(451,20): warning C4244: 'argument': conversion from 'int' to 'GLfloat', possible loss of data
C:\MyPrograms\github\EvolutionBot\EvolutionBot\world\GLView.cpp(452,20): warning C4244: 'argument': conversion from 'int' to 'GLfloat', possible loss of data
C:\MyPrograms\github\EvolutionBot\EvolutionBot\world\GLView.cpp(454,19): warning C4244: 'argument': conversion from 'int' to 'GLfloat', possible loss of data
C:\MyPrograms\github\EvolutionBot\EvolutionBot\world\GLView.cpp(455,19): warning C4244: 'argument': conversion from 'int' to 'GLfloat', possible loss of data
C:\MyPrograms\github\EvolutionBot\EvolutionBot\world\GLView.cpp(458,39): warning C4244: 'argument': conversion from 'int' to 'float', possible loss of data
C:\MyPrograms\github\EvolutionBot\EvolutionBot\world\GLView.cpp(537,14): warning C4244: 'initializing': conversion from 'double' to 'float', possible loss of data
C:\MyPrograms\github\EvolutionBot\EvolutionBot\world\GLView.cpp(538,21): warning C4244: '=': conversion from 'float' to 'clock_t', possible loss of data
C:\MyPrograms\github\EvolutionBot\EvolutionBot\world\GLView.cpp(612,43): warning C4305: '=': truncation from 'double' to 'float'
C:\MyPrograms\github\EvolutionBot\EvolutionBot\world\GLView.cpp(638,18): warning C4305: '=': truncation from 'double' to 'float'
C:\MyPrograms\github\EvolutionBot\EvolutionBot\world\GLView.cpp(790,42): warning C4305: '=': truncation from 'double' to 'float'
C:\MyPrograms\github\EvolutionBot\EvolutionBot\world\GLView.cpp(797,36): warning C4244: 'argument': conversion from 'double' to 'float', possible loss of data
C:\MyPrograms\github\EvolutionBot\EvolutionBot\world\GLView.cpp(798,38): warning C4244: 'argument': conversion from 'double' to 'float', possible loss of data
C:\MyPrograms\github\EvolutionBot\EvolutionBot\world\GLView.cpp(802,43): warning C4244: 'argument': conversion from 'double' to 'float', possible loss of data
C:\MyPrograms\github\EvolutionBot\EvolutionBot\world\GLView.cpp(803,45): warning C4244: 'argument': conversion from 'double' to 'float', possible loss of data
C:\MyPrograms\github\EvolutionBot\EvolutionBot\world\GLView.cpp(807,36): warning C4244: 'argument': conversion from 'double' to 'float', possible loss of data
C:\MyPrograms\github\EvolutionBot\EvolutionBot\world\GLView.cpp(808,38): warning C4244: 'argument': conversion from 'double' to 'float', possible loss of data
C:\MyPrograms\github\EvolutionBot\EvolutionBot\world\GLView.cpp(812,43): warning C4244: 'argument': conversion from 'double' to 'float', possible loss of data
C:\MyPrograms\github\EvolutionBot\EvolutionBot\world\GLView.cpp(813,45): warning C4244: 'argument': conversion from 'double' to 'float', possible loss of data
     Creating library C:\MyPrograms\github\EvolutionBot\x64\Release\EvolutionBot.lib and object C:\MyPrograms\github\EvolutionBot\x64\Release\EvolutionBot.exp
  Generating code
  2 of 1557 functions ( 0.1%) were compiled, the rest were copied from previous compilation.
    0 functions were new in current compilation
    5 functions had inline decision re-evaluated but remain unchanged
  Finished generating code
  EvolutionBot.vcxproj -> C:\MyPrograms\github\EvolutionBot\x64\Release\EvolutionBot.exe
